<?xml version="1.0" encoding="UTF-8"?>
<!-- Generated by org.testng.reporters.JUnitXMLReporter -->
<testsuite ignored="0" hostname="MSI" failures="0" tests="6" name="Default test" time="3.38" errors="0" timestamp="2024-03-20T03:25:33 AST">
  <testcase classname="HomePage.HomePageTestCases" name="CheckDepartureDate" time="0.074"/>
  <testcase classname="HomePage.HomePageTestCases" name="CheckHotelTab" time="0.033"/>
  <testcase classname="HomePage.HomePageTestCases" name="CheckQitafLogo" time="0.032"/>
  <testcase classname="HomePage.HomePageTestCases" name="CheckTheContactNumber" time="0.023"/>
  <testcase classname="HomePage.HomePageTestCases" name="CheckTheDefaultCurrency" time="0.02"/>
  <testcase classname="HomePage.HomePageTestCases" name="CheckTheDefaultLanguage" time="0.02"/>
</testsuite> <!-- Default test -->
