<?xml version="1.0" encoding="UTF-8"?>
<!-- Generated by org.testng.reporters.JUnitXMLReporter -->
<testsuite ignored="0" hostname="MSI" failures="0" tests="4" name="Default test" time="20.496" errors="0" timestamp="2024-03-21T04:08:11 AST">
  <testcase classname="HotelTest.BookingHotelTestCases" name="SelectCityRandomly" time="0.519"/>
  <testcase classname="HotelTest.BookingHotelTestCases" name="SelectNumberOfVisitorsRandomly" time="3.823"/>
  <testcase classname="HotelTest.BookingHotelTestCases" name="PageFullyCompleted" time="11.23"/>
  <testcase classname="HotelTest.BookingHotelTestCases" name="SortPricesFromLowToHigh" time="0.963"/>
</testsuite> <!-- Default test -->
