<?xml version="1.0" encoding="UTF-8"?>
<testng-results ignored="0" total="2" passed="2" failed="0" skipped="0">
  <reporter-output>
  </reporter-output>
  <suite started-at="2024-03-21T02:30:32 AST" name="Default suite" finished-at="2024-03-21T02:30:41 AST" duration-ms="8504">
    <groups>
    </groups>
    <test started-at="2024-03-21T02:30:32 AST" name="Default test" finished-at="2024-03-21T02:30:41 AST" duration-ms="8504">
      <class name="HotelTest.BookingHotelTestCases">
        <test-method is-config="true" signature="mySetup()[pri:0, instance:HotelTest.BookingHotelTestCases@4218500f]" started-at="2024-03-21T02:30:32 AST" name="mySetup" finished-at="2024-03-21T02:30:36 AST" duration-ms="3813" status="PASS">
          <reporter-output>
          </reporter-output>
        </test-method> <!-- mySetup -->
        <test-method signature="SelectCityRandomly()[pri:1, instance:HotelTest.BookingHotelTestCases@4218500f]" started-at="2024-03-21T02:30:36 AST" name="SelectCityRandomly" finished-at="2024-03-21T02:30:37 AST" duration-ms="583" status="PASS">
          <reporter-output>
          </reporter-output>
        </test-method> <!-- SelectCityRandomly -->
        <test-method signature="SelectNumberOfVisitorsRandomly()[pri:2, instance:HotelTest.BookingHotelTestCases@4218500f]" started-at="2024-03-21T02:30:37 AST" name="SelectNumberOfVisitorsRandomly" finished-at="2024-03-21T02:30:41 AST" duration-ms="3997" status="PASS">
          <reporter-output>
          </reporter-output>
        </test-method> <!-- SelectNumberOfVisitorsRandomly -->
      </class> <!-- HotelTest.BookingHotelTestCases -->
    </test> <!-- Default test -->
  </suite> <!-- Default suite -->
</testng-results>
